[00:08:51] === F8 delete_all 클릭 (all_children=168개) ===
[00:08:53] F8 delete_all: 사용자 확인 — 168개 삭제 진행
[00:08:53] _purge 호출 (places=168개)
[00:08:53] _purge: 168개 고유 key. 첫 key=('참조은방문요양센터', '서울 관악구 구암길 98 제분산상가동 2층, 205호')
[00:08:53] _purge: log_dir=T:\program\블로그마스터\logs\kidth1
[00:08:53] _purge: 전체 12개 / 유효 .json 6개
[00:08:53]   서울_강북구_요양원.json: items 32개 모두 삭제 → 파일 삭제
[00:08:53]   서울_강남구_요양원.json: items 19개 모두 삭제 → 파일 삭제
[00:08:53]   서울_강동구_요양원.json: items 34개 모두 삭제 → 파일 삭제
[00:08:53]   서울_강서구_요양원.json: items 38개 모두 삭제 → 파일 삭제
[00:08:53]   서울_관악구_요양원.json: items 35개 모두 삭제 → 파일 삭제
[00:08:53]   서울_광진구_요양원.json: items 10개 모두 삭제 → 파일 삭제
[00:08:53] _purge: crawled_data 0→0 동기화
[00:08:53] _purge 완료: 총 168개 제거
[00:08:53] F8 delete_all: _purge가 168개 제거 보고
[23:05:40] _purge 호출 (places=42개)
[23:05:40] _purge: 42개 고유 key. 첫 key=('부산 개인회생 법무사 하상봉사무소', '부산 연제구 법원로 28 8층 802호')
[23:05:40] _purge: log_dir=C:\Mac\Home\Desktop\program\블로그마스터\logs\kidth1_fkfkfk333
[23:05:40] _purge: 전체 2개 / 유효 .json 2개
[23:05:40]   가평_펜션.json: items 2개 모두 삭제 → 파일 삭제
[23:05:40]   부산_개인회생.json: items 41→1 재기록
[23:05:40] _purge: crawled_data 41→1 동기화
[23:05:40] _purge 완료: 총 42개 제거
